[0m[1mdata.aws_iam_policy_document.eks_node_assume_role: Reading...[0m[0m
[0m[1mmodule.core_compute.data.aws_availability_zones.available: Reading...[0m[0m
[0m[1mmodule.core_compute.data.aws_ami.amazon_linux_2023: Reading...[0m[0m
[0m[1mdata.aws_iam_policy_document.eks_cluster_assume_role: Reading...[0m[0m
[0m[1mdata.aws_iam_policy_document.eks_node_assume_role: Read complete after 0s [id=2560088296][0m
[0m[1mdata.aws_iam_policy_document.eks_cluster_assume_role: Read complete after 0s [id=2764486067][0m
[0m[1mmodule.core_compute.data.aws_availability_zones.available: Read complete after 1s [id=us-east-1][0m
[0m[1mmodule.core_compute.data.aws_ami.amazon_linux_2023: Read complete after 1s [id=ami-00b29fdf0856a3c47][0m

Terraform used the selected providers to generate the following execution
plan. Resource actions are indicated with the following symbols:
  [32m+[0m create[0m

Terraform will perform the following actions:

[1m  # aws_eks_addon.coredns[0m will be created
[0m  [32m+[0m[0m resource "aws_eks_addon" "coredns" {
      [32m+[0m[0m addon_name                  = "coredns"
      [32m+[0m[0m addon_version               = (known after apply)
      [32m+[0m[0m arn                         = (known after apply)
      [32m+[0m[0m cluster_name                = "eks-5asrcb"
      [32m+[0m[0m configuration_values        = (known after apply)
      [32m+[0m[0m created_at                  = (known after apply)
      [32m+[0m[0m id                          = (known after apply)
      [32m+[0m[0m modified_at                 = (known after apply)
      [32m+[0m[0m region                      = "us-east-1"
      [32m+[0m[0m resolve_conflicts_on_update = "PRESERVE"
      [32m+[0m[0m tags_all                    = {
          [32m+[0m[0m "Environment" = "dev"
          [32m+[0m[0m "ManagedBy"   = "Terraform"
          [32m+[0m[0m "Project"     = "EKS-5ASRCB"
        }

      [32m+[0m[0m namespace_config (known after apply)
    }

[1m  # aws_eks_addon.kube_proxy[0m will be created
[0m  [32m+[0m[0m resource "aws_eks_addon" "kube_proxy" {
      [32m+[0m[0m addon_name                  = "kube-proxy"
      [32m+[0m[0m addon_version               = (known after apply)
      [32m+[0m[0m arn                         = (known after apply)
      [32m+[0m[0m cluster_name                = "eks-5asrcb"
      [32m+[0m[0m configuration_values        = (known after apply)
      [32m+[0m[0m created_at                  = (known after apply)
      [32m+[0m[0m id                          = (known after apply)
      [32m+[0m[0m modified_at                 = (known after apply)
      [32m+[0m[0m region                      = "us-east-1"
      [32m+[0m[0m resolve_conflicts_on_update = "PRESERVE"
      [32m+[0m[0m tags_all                    = {
          [32m+[0m[0m "Environment" = "dev"
          [32m+[0m[0m "ManagedBy"   = "Terraform"
          [32m+[0m[0m "Project"     = "EKS-5ASRCB"
        }

      [32m+[0m[0m namespace_config (known after apply)
    }

[1m  # aws_eks_addon.vpc_cni[0m will be created
[0m  [32m+[0m[0m resource "aws_eks_addon" "vpc_cni" {
      [32m+[0m[0m addon_name                  = "vpc-cni"
      [32m+[0m[0m addon_version               = (known after apply)
      [32m+[0m[0m arn                         = (known after apply)
      [32m+[0m[0m cluster_name                = "eks-5asrcb"
      [32m+[0m[0m configuration_values        = (known after apply)
      [32m+[0m[0m created_at                  = (known after apply)
      [32m+[0m[0m id                          = (known after apply)
      [32m+[0m[0m modified_at                 = (known after apply)
      [32m+[0m[0m region                      = "us-east-1"
      [32m+[0m[0m resolve_conflicts_on_update = "PRESERVE"
      [32m+[0m[0m tags_all                    = {
          [32m+[0m[0m "Environment" = "dev"
          [32m+[0m[0m "ManagedBy"   = "Terraform"
          [32m+[0m[0m "Project"     = "EKS-5ASRCB"
        }

      [32m+[0m[0m namespace_config (known after apply)
    }

[1m  # aws_eks_cluster.this[0m will be created
[0m  [32m+[0m[0m resource "aws_eks_cluster" "this" {
      [32m+[0m[0m arn                           = (known after apply)
      [32m+[0m[0m bootstrap_self_managed_addons = true
      [32m+[0m[0m certificate_authority         = (known after apply)
      [32m+[0m[0m cluster_id                    = (known after apply)
      [32m+[0m[0m created_at                    = (known after apply)
      [32m+[0m[0m deletion_protection           = (known after apply)
      [32m+[0m[0m enabled_cluster_log_types     = [
          [32m+[0m[0m "api",
          [32m+[0m[0m "audit",
          [32m+[0m[0m "authenticator",
        ]
      [32m+[0m[0m endpoint                      = (known after apply)
      [32m+[0m[0m id                            = (known after apply)
      [32m+[0m[0m identity                      = (known after apply)
      [32m+[0m[0m name                          = "eks-5asrcb"
      [32m+[0m[0m platform_version              = (known after apply)
      [32m+[0m[0m region                        = "us-east-1"
      [32m+[0m[0m role_arn                      = (known after apply)
      [32m+[0m[0m status                        = (known after apply)
      [32m+[0m[0m tags                          = {
          [32m+[0m[0m "Name" = "eks-5asrcb"
        }
      [32m+[0m[0m tags_all                      = {
          [32m+[0m[0m "Environment" = "dev"
          [32m+[0m[0m "ManagedBy"   = "Terraform"
          [32m+[0m[0m "Name"        = "eks-5asrcb"
          [32m+[0m[0m "Project"     = "EKS-5ASRCB"
        }
      [32m+[0m[0m version                       = "1.31"

      [32m+[0m[0m access_config (known after apply)

      [32m+[0m[0m compute_config (known after apply)

      [32m+[0m[0m control_plane_scaling_config (known after apply)

      [32m+[0m[0m kubernetes_network_config (known after apply)

      [32m+[0m[0m storage_config (known after apply)

      [32m+[0m[0m upgrade_policy (known after apply)

      [32m+[0m[0m vpc_config {
          [32m+[0m[0m cluster_security_group_id = (known after apply)
          [32m+[0m[0m control_plane_egress_mode = (known after apply)
          [32m+[0m[0m endpoint_private_access   = true
          [32m+[0m[0m endpoint_public_access    = true
          [32m+[0m[0m public_access_cidrs       = (known after apply)
          [32m+[0m[0m security_group_ids        = (known after apply)
          [32m+[0m[0m subnet_ids                = (known after apply)
          [32m+[0m[0m vpc_id                    = (known after apply)
        }
    }

[1m  # aws_eks_node_group.this[0m will be created
[0m  [32m+[0m[0m resource "aws_eks_node_group" "this" {
      [32m+[0m[0m ami_type               = (known after apply)
      [32m+[0m[0m arn                    = (known after apply)
      [32m+[0m[0m capacity_type          = (known after apply)
      [32m+[0m[0m cluster_name           = "eks-5asrcb"
      [32m+[0m[0m disk_size              = (known after apply)
      [32m+[0m[0m id                     = (known after apply)
      [32m+[0m[0m instance_types         = [
          [32m+[0m[0m "t3.micro",
        ]
      [32m+[0m[0m node_group_name        = "eks-5asrcb-ng"
      [32m+[0m[0m node_group_name_prefix = (known after apply)
      [32m+[0m[0m node_role_arn          = (known after apply)
      [32m+[0m[0m region                 = "us-east-1"
      [32m+[0m[0m release_version        = (known after apply)
      [32m+[0m[0m resources              = (known after apply)
      [32m+[0m[0m status                 = (known after apply)
      [32m+[0m[0m subnet_ids             = (known after apply)
      [32m+[0m[0m tags                   = {
          [32m+[0m[0m "Name" = "eks-5asrcb-node-group"
        }
      [32m+[0m[0m tags_all               = {
          [32m+[0m[0m "Environment" = "dev"
          [32m+[0m[0m "ManagedBy"   = "Terraform"
          [32m+[0m[0m "Name"        = "eks-5asrcb-node-group"
          [32m+[0m[0m "Project"     = "EKS-5ASRCB"
        }
      [32m+[0m[0m version                = (known after apply)

      [32m+[0m[0m node_repair_config (known after apply)

      [32m+[0m[0m scaling_config {
          [32m+[0m[0m desired_size = 2
          [32m+[0m[0m max_size     = 3
          [32m+[0m[0m min_size     = 1
        }

      [32m+[0m[0m update_config {
          [32m+[0m[0m max_unavailable = 1
        }
    }

[1m  # aws_iam_role.eks_cluster_role[0m will be created
[0m  [32m+[0m[0m resource "aws_iam_role" "eks_cluster_role" {
      [32m+[0m[0m arn                   = (known after apply)
      [32m+[0m[0m assume_role_policy    = jsonencode(
            {
              [32m+[0m[0m Statement = [
                  [32m+[0m[0m {
                      [32m+[0m[0m Action    = "sts:AssumeRole"
                      [32m+[0m[0m Effect    = "Allow"
                      [32m+[0m[0m Principal = {
                          [32m+[0m[0m Service = "eks.amazonaws.com"
                        }
                      [32m+[0m[0m Sid       = "EKSClusterAssumeRole"
                    },
                ]
              [32m+[0m[0m Version   = "2012-10-17"
            }
        )
      [32m+[0m[0m create_date           = (known after apply)
      [32m+[0m[0m force_detach_policies = false
      [32m+[0m[0m id                    = (known after apply)
      [32m+[0m[0m managed_policy_arns   = (known after apply)
      [32m+[0m[0m max_session_duration  = 3600
      [32m+[0m[0m name                  = "eks-5asrcb-cluster-role"
      [32m+[0m[0m name_prefix           = (known after apply)
      [32m+[0m[0m path                  = "/"
      [32m+[0m[0m tags                  = {
          [32m+[0m[0m "Name" = "eks-5asrcb-cluster-role"
        }
      [32m+[0m[0m tags_all              = {
          [32m+[0m[0m "Environment" = "dev"
          [32m+[0m[0m "ManagedBy"   = "Terraform"
          [32m+[0m[0m "Name"        = "eks-5asrcb-cluster-role"
          [32m+[0m[0m "Project"     = "EKS-5ASRCB"
        }
      [32m+[0m[0m unique_id             = (known after apply)

      [32m+[0m[0m inline_policy (known after apply)
    }

[1m  # aws_iam_role.eks_node_role[0m will be created
[0m  [32m+[0m[0m resource "aws_iam_role" "eks_node_role" {
      [32m+[0m[0m arn                   = (known after apply)
      [32m+[0m[0m assume_role_policy    = jsonencode(
            {
              [32m+[0m[0m Statement = [
                  [32m+[0m[0m {
                      [32m+[0m[0m Action    = "sts:AssumeRole"
                      [32m+[0m[0m Effect    = "Allow"
                      [32m+[0m[0m Principal = {
                          [32m+[0m[0m Service = "ec2.amazonaws.com"
                        }
                      [32m+[0m[0m Sid       = "EKSNodeAssumeRole"
                    },
                ]
              [32m+[0m[0m Version   = "2012-10-17"
            }
        )
      [32m+[0m[0m create_date           = (known after apply)
      [32m+[0m[0m force_detach_policies = false
      [32m+[0m[0m id                    = (known after apply)
      [32m+[0m[0m managed_policy_arns   = (known after apply)
      [32m+[0m[0m max_session_duration  = 3600
      [32m+[0m[0m name                  = "eks-5asrcb-node-role"
      [32m+[0m[0m name_prefix           = (known after apply)
      [32m+[0m[0m path                  = "/"
      [32m+[0m[0m tags                  = {
          [32m+[0m[0m "Name" = "eks-5asrcb-node-role"
        }
      [32m+[0m[0m tags_all              = {
          [32m+[0m[0m "Environment" = "dev"
          [32m+[0m[0m "ManagedBy"   = "Terraform"
          [32m+[0m[0m "Name"        = "eks-5asrcb-node-role"
          [32m+[0m[0m "Project"     = "EKS-5ASRCB"
        }
      [32m+[0m[0m unique_id             = (known after apply)

      [32m+[0m[0m inline_policy (known after apply)
    }

[1m  # aws_iam_role_policy_attachment.ecr_readonly[0m will be created
[0m  [32m+[0m[0m resource "aws_iam_role_policy_attachment" "ecr_readonly" {
      [32m+[0m[0m id         = (known after apply)
      [32m+[0m[0m policy_arn = "arn:aws:iam::aws:policy/AmazonEC2ContainerRegistryReadOnly"
      [32m+[0m[0m role       = "eks-5asrcb-node-role"
    }

[1m  # aws_iam_role_policy_attachment.eks_cluster_policy[0m will be created
[0m  [32m+[0m[0m resource "aws_iam_role_policy_attachment" "eks_cluster_policy" {
      [32m+[0m[0m id         = (known after apply)
      [32m+[0m[0m policy_arn = "arn:aws:iam::aws:policy/AmazonEKSClusterPolicy"
      [32m+[0m[0m role       = "eks-5asrcb-cluster-role"
    }

[1m  # aws_iam_role_policy_attachment.eks_cni_policy[0m will be created
[0m  [32m+[0m[0m resource "aws_iam_role_policy_attachment" "eks_cni_policy" {
      [32m+[0m[0m id         = (known after apply)
      [32m+[0m[0m policy_arn = "arn:aws:iam::aws:policy/AmazonEKS_CNI_Policy"
      [32m+[0m[0m role       = "eks-5asrcb-node-role"
    }

[1m  # aws_iam_role_policy_attachment.eks_vpc_resource_controller[0m will be created
[0m  [32m+[0m[0m resource "aws_iam_role_policy_attachment" "eks_vpc_resource_controller" {
      [32m+[0m[0m id         = (known after apply)
      [32m+[0m[0m policy_arn = "arn:aws:iam::aws:policy/AmazonEKSVPCResourceController"
      [32m+[0m[0m role       = "eks-5asrcb-cluster-role"
    }

[1m  # aws_iam_role_policy_attachment.eks_worker_node_policy[0m will be created
[0m  [32m+[0m[0m resource "aws_iam_role_policy_attachment" "eks_worker_node_policy" {
      [32m+[0m[0m id         = (known after apply)
      [32m+[0m[0m policy_arn = "arn:aws:iam::aws:policy/AmazonEKSWorkerNodePolicy"
      [32m+[0m[0m role       = "eks-5asrcb-node-role"
    }

[1m  # aws_lb.this[0m will be created
[0m  [32m+[0m[0m resource "aws_lb" "this" {
      [32m+[0m[0m arn                                                          = (known after apply)
      [32m+[0m[0m arn_suffix                                                   = (known after apply)
      [32m+[0m[0m client_keep_alive                                            = 3600
      [32m+[0m[0m desync_mitigation_mode                                       = "defensive"
      [32m+[0m[0m dns_name                                                     = (known after apply)
      [32m+[0m[0m drop_invalid_header_fields                                   = false
      [32m+[0m[0m enable_deletion_protection                                   = false
      [32m+[0m[0m enable_http2                                                 = true
      [32m+[0m[0m enable_prefix_for_ipv6_source_nat                            = (known after apply)
      [32m+[0m[0m enable_tls_version_and_cipher_suite_headers                  = false
      [32m+[0m[0m enable_waf_fail_open                                         = false
      [32m+[0m[0m enable_xff_client_port                                       = false
      [32m+[0m[0m enable_zonal_shift                                           = false
      [32m+[0m[0m enforce_security_group_inbound_rules_on_private_link_traffic = (known after apply)
      [32m+[0m[0m id                                                           = (known after apply)
      [32m+[0m[0m idle_timeout                                                 = 60
      [32m+[0m[0m internal                                                     = false
      [32m+[0m[0m ip_address_type                                              = (known after apply)
      [32m+[0m[0m load_balancer_type                                           = "application"
      [32m+[0m[0m name                                                         = "5asrcb-alb"
      [32m+[0m[0m name_prefix                                                  = (known after apply)
      [32m+[0m[0m preserve_host_header                                         = false
      [32m+[0m[0m region                                                       = "us-east-1"
      [32m+[0m[0m secondary_ips_auto_assigned_per_subnet                       = (known after apply)
      [32m+[0m[0m security_groups                                              = (known after apply)
      [32m+[0m[0m subnets                                                      = (known after apply)
      [32m+[0m[0m tags                                                         = {
          [32m+[0m[0m "Name" = "5asrcb-alb"
        }
      [32m+[0m[0m tags_all                                                     = {
          [32m+[0m[0m "Environment" = "dev"
          [32m+[0m[0m "ManagedBy"   = "Terraform"
          [32m+[0m[0m "Name"        = "5asrcb-alb"
          [32m+[0m[0m "Project"     = "EKS-5ASRCB"
        }
      [32m+[0m[0m vpc_id                                                       = (known after apply)
      [32m+[0m[0m xff_header_processing_mode                                   = "append"
      [32m+[0m[0m zone_id                                                      = (known after apply)

      [32m+[0m[0m subnet_mapping (known after apply)
    }

[1m  # aws_lb_listener.http[0m will be created
[0m  [32m+[0m[0m resource "aws_lb_listener" "http" {
      [32m+[0m[0m arn                                                                   = (known after apply)
      [32m+[0m[0m id                                                                    = (known after apply)
      [32m+[0m[0m load_balancer_arn                                                     = (known after apply)
      [32m+[0m[0m port                                                                  = 80
      [32m+[0m[0m protocol                                                              = "HTTP"
      [32m+[0m[0m region                                                                = "us-east-1"
      [32m+[0m[0m routing_http_request_x_amzn_mtls_clientcert_header_name               = (known after apply)
      [32m+[0m[0m routing_http_request_x_amzn_mtls_clientcert_issuer_header_name        = (known after apply)
      [32m+[0m[0m routing_http_request_x_amzn_mtls_clientcert_leaf_header_name          = (known after apply)
      [32m+[0m[0m routing_http_request_x_amzn_mtls_clientcert_serial_number_header_name = (known after apply)
      [32m+[0m[0m routing_http_request_x_amzn_mtls_clientcert_subject_header_name       = (known after apply)
      [32m+[0m[0m routing_http_request_x_amzn_mtls_clientcert_validity_header_name      = (known after apply)
      [32m+[0m[0m routing_http_request_x_amzn_tls_cipher_suite_header_name              = (known after apply)
      [32m+[0m[0m routing_http_request_x_amzn_tls_version_header_name                   = (known after apply)
      [32m+[0m[0m routing_http_response_access_control_allow_credentials_header_value   = (known after apply)
      [32m+[0m[0m routing_http_response_access_control_allow_headers_header_value       = (known after apply)
      [32m+[0m[0m routing_http_response_access_control_allow_methods_header_value       = (known after apply)
      [32m+[0m[0m routing_http_response_access_control_allow_origin_header_value        = (known after apply)
      [32m+[0m[0m routing_http_response_access_control_expose_headers_header_value      = (known after apply)
      [32m+[0m[0m routing_http_response_access_control_max_age_header_value             = (known after apply)
      [32m+[0m[0m routing_http_response_content_security_policy_header_value            = (known after apply)
      [32m+[0m[0m routing_http_response_server_enabled                                  = (known after apply)
      [32m+[0m[0m routing_http_response_strict_transport_security_header_value          = (known after apply)
      [32m+[0m[0m routing_http_response_x_content_type_options_header_value             = (known after apply)
      [32m+[0m[0m routing_http_response_x_frame_options_header_value                    = (known after apply)
      [32m+[0m[0m ssl_policy                                                            = (known after apply)
      [32m+[0m[0m tags                                                                  = {
          [32m+[0m[0m "Name" = "5asrcb-alb-listener-http"
        }
      [32m+[0m[0m tags_all                                                              = {
          [32m+[0m[0m "Environment" = "dev"
          [32m+[0m[0m "ManagedBy"   = "Terraform"
          [32m+[0m[0m "Name"        = "5asrcb-alb-listener-http"
          [32m+[0m[0m "Project"     = "EKS-5ASRCB"
        }
      [32m+[0m[0m tcp_idle_timeout_seconds                                              = (known after apply)

      [32m+[0m[0m default_action {
          [32m+[0m[0m order            = (known after apply)
          [32m+[0m[0m target_group_arn = (known after apply)
          [32m+[0m[0m type             = "forward"
        }

      [32m+[0m[0m mutual_authentication (known after apply)
    }

[1m  # aws_lb_target_group.this[0m will be created
[0m  [32m+[0m[0m resource "aws_lb_target_group" "this" {
      [32m+[0m[0m arn                                = (known after apply)
      [32m+[0m[0m arn_suffix                         = (known after apply)
      [32m+[0m[0m connection_termination             = (known after apply)
      [32m+[0m[0m deregistration_delay               = "300"
      [32m+[0m[0m id                                 = (known after apply)
      [32m+[0m[0m ip_address_type                    = (known after apply)
      [32m+[0m[0m lambda_multi_value_headers_enabled = false
      [32m+[0m[0m load_balancer_arns                 = (known after apply)
      [32m+[0m[0m load_balancing_algorithm_type      = (known after apply)
      [32m+[0m[0m load_balancing_anomaly_mitigation  = (known after apply)
      [32m+[0m[0m load_balancing_cross_zone_enabled  = (known after apply)
      [32m+[0m[0m name                               = "5asrcb-alb-tg"
      [32m+[0m[0m name_prefix                        = (known after apply)
      [32m+[0m[0m port                               = 80
      [32m+[0m[0m preserve_client_ip                 = (known after apply)
      [32m+[0m[0m protocol                           = "HTTP"
      [32m+[0m[0m protocol_version                   = (known after apply)
      [32m+[0m[0m proxy_protocol_v2                  = false
      [32m+[0m[0m region                             = "us-east-1"
      [32m+[0m[0m slow_start                         = 0
      [32m+[0m[0m tags                               = {
          [32m+[0m[0m "Name" = "5asrcb-alb-tg"
        }
      [32m+[0m[0m tags_all                           = {
          [32m+[0m[0m "Environment" = "dev"
          [32m+[0m[0m "ManagedBy"   = "Terraform"
          [32m+[0m[0m "Name"        = "5asrcb-alb-tg"
          [32m+[0m[0m "Project"     = "EKS-5ASRCB"
        }
      [32m+[0m[0m target_type                        = "instance"
      [32m+[0m[0m vpc_id                             = (known after apply)

      [32m+[0m[0m health_check {
          [32m+[0m[0m enabled             = true
          [32m+[0m[0m healthy_threshold   = 2
          [32m+[0m[0m interval            = 30
          [32m+[0m[0m matcher             = "200-399"
          [32m+[0m[0m path                = "/"
          [32m+[0m[0m port                = "traffic-port"
          [32m+[0m[0m protocol            = "HTTP"
          [32m+[0m[0m timeout             = 5
          [32m+[0m[0m unhealthy_threshold = 3
        }

      [32m+[0m[0m stickiness (known after apply)

      [32m+[0m[0m target_failover (known after apply)

      [32m+[0m[0m target_group_health (known after apply)

      [32m+[0m[0m target_health_state (known after apply)
    }

[1m  # aws_lb_target_group_attachment.ec2[0m will be created
[0m  [32m+[0m[0m resource "aws_lb_target_group_attachment" "ec2" {
      [32m+[0m[0m id               = (known after apply)
      [32m+[0m[0m port             = 80
      [32m+[0m[0m region           = "us-east-1"
      [32m+[0m[0m target_group_arn = (known after apply)
      [32m+[0m[0m target_id        = (known after apply)
    }

[1m  # aws_security_group.alb_sg[0m will be created
[0m  [32m+[0m[0m resource "aws_security_group" "alb_sg" {
      [32m+[0m[0m arn                    = (known after apply)
      [32m+[0m[0m description            = "Security group for the Application Load Balancer"
      [32m+[0m[0m egress                 = [
          [32m+[0m[0m {
              [32m+[0m[0m cidr_blocks      = [
                  [32m+[0m[0m "0.0.0.0/0",
                ]
              [32m+[0m[0m description      = "All outbound traffic"
              [32m+[0m[0m from_port        = 0
              [32m+[0m[0m ipv6_cidr_blocks = []
              [32m+[0m[0m prefix_list_ids  = []
              [32m+[0m[0m protocol         = "-1"
              [32m+[0m[0m security_groups  = []
              [32m+[0m[0m self             = false
              [32m+[0m[0m to_port          = 0
            },
        ]
      [32m+[0m[0m id                     = (known after apply)
      [32m+[0m[0m ingress                = [
          [32m+[0m[0m {
              [32m+[0m[0m cidr_blocks      = [
                  [32m+[0m[0m "0.0.0.0/0",
                ]
              [32m+[0m[0m description      = "HTTP from Internet"
              [32m+[0m[0m from_port        = 80
              [32m+[0m[0m ipv6_cidr_blocks = []
              [32m+[0m[0m prefix_list_ids  = []
              [32m+[0m[0m protocol         = "tcp"
              [32m+[0m[0m security_groups  = []
              [32m+[0m[0m self             = false
              [32m+[0m[0m to_port          = 80
            },
          [32m+[0m[0m {
              [32m+[0m[0m cidr_blocks      = [
                  [32m+[0m[0m "0.0.0.0/0",
                ]
              [32m+[0m[0m description      = "HTTPS from Internet"
              [32m+[0m[0m from_port        = 443
              [32m+[0m[0m ipv6_cidr_blocks = []
              [32m+[0m[0m prefix_list_ids  = []
              [32m+[0m[0m protocol         = "tcp"
              [32m+[0m[0m security_groups  = []
              [32m+[0m[0m self             = false
              [32m+[0m[0m to_port          = 443
            },
        ]
      [32m+[0m[0m name                   = "5asrcb-alb-sg"
      [32m+[0m[0m name_prefix            = (known after apply)
      [32m+[0m[0m owner_id               = (known after apply)
      [32m+[0m[0m region                 = "us-east-1"
      [32m+[0m[0m revoke_rules_on_delete = false
      [32m+[0m[0m tags                   = {
          [32m+[0m[0m "Name" = "5asrcb-alb-sg"
        }
      [32m+[0m[0m tags_all               = {
          [32m+[0m[0m "Environment" = "dev"
          [32m+[0m[0m "ManagedBy"   = "Terraform"
          [32m+[0m[0m "Name"        = "5asrcb-alb-sg"
          [32m+[0m[0m "Project"     = "EKS-5ASRCB"
        }
      [32m+[0m[0m vpc_id                 = (known after apply)
    }

[1m  # module.core_compute.aws_eip.nat[0m will be created
[0m  [32m+[0m[0m resource "aws_eip" "nat" {
      [32m+[0m[0m allocation_id        = (known after apply)
      [32m+[0m[0m arn                  = (known after apply)
      [32m+[0m[0m association_id       = (known after apply)
      [32m+[0m[0m carrier_ip           = (known after apply)
      [32m+[0m[0m customer_owned_ip    = (known after apply)
      [32m+[0m[0m domain               = "vpc"
      [32m+[0m[0m id                   = (known after apply)
      [32m+[0m[0m instance             = (known after apply)
      [32m+[0m[0m ipam_pool_id         = (known after apply)
      [32m+[0m[0m network_border_group = (known after apply)
      [32m+[0m[0m network_interface    = (known after apply)
      [32m+[0m[0m private_dns          = (known after apply)
      [32m+[0m[0m private_ip           = (known after apply)
      [32m+[0m[0m ptr_record           = (known after apply)
      [32m+[0m[0m public_dns           = (known after apply)
      [32m+[0m[0m public_ip            = (known after apply)
      [32m+[0m[0m public_ipv4_pool     = (known after apply)
      [32m+[0m[0m region               = "us-east-1"
      [32m+[0m[0m tags                 = {
          [32m+[0m[0m "Name" = "5asrcb-nat-eip"
        }
      [32m+[0m[0m tags_all             = {
          [32m+[0m[0m "Environment" = "dev"
          [32m+[0m[0m "ManagedBy"   = "Terraform"
          [32m+[0m[0m "Name"        = "5asrcb-nat-eip"
          [32m+[0m[0m "Project"     = "EKS-5ASRCB"
        }
    }

[1m  # module.core_compute.aws_instance.bastion[0m will be created
[0m  [32m+[0m[0m resource "aws_instance" "bastion" {
      [32m+[0m[0m ami                                  = "ami-00b29fdf0856a3c47"
      [32m+[0m[0m arn                                  = (known after apply)
      [32m+[0m[0m associate_public_ip_address          = true
      [32m+[0m[0m availability_zone                    = (known after apply)
      [32m+[0m[0m disable_api_stop                     = (known after apply)
      [32m+[0m[0m disable_api_termination              = false
      [32m+[0m[0m ebs_optimized                        = (known after apply)
      [32m+[0m[0m enable_primary_ipv6                  = (known after apply)
      [32m+[0m[0m force_destroy                        = false
      [32m+[0m[0m get_password_data                    = false
      [32m+[0m[0m host_id                              = (known after apply)
      [32m+[0m[0m host_resource_group_arn              = (known after apply)
      [32m+[0m[0m iam_instance_profile                 = (known after apply)
      [32m+[0m[0m id                                   = (known after apply)
      [32m+[0m[0m instance_initiated_shutdown_behavior = (known after apply)
      [32m+[0m[0m instance_lifecycle                   = (known after apply)
      [32m+[0m[0m instance_state                       = (known after apply)
      [32m+[0m[0m instance_type                        = "t3.micro"
      [32m+[0m[0m ipv6_address_count                   = (known after apply)
      [32m+[0m[0m ipv6_addresses                       = (known after apply)
      [32m+[0m[0m key_name                             = (known after apply)
      [32m+[0m[0m monitoring                           = (known after apply)
      [32m+[0m[0m outpost_arn                          = (known after apply)
      [32m+[0m[0m password_data                        = (known after apply)
      [32m+[0m[0m placement_group                      = (known after apply)
      [32m+[0m[0m placement_group_id                   = (known after apply)
      [32m+[0m[0m placement_partition_number           = (known after apply)
      [32m+[0m[0m primary_network_interface_id         = (known after apply)
      [32m+[0m[0m private_dns                          = (known after apply)
      [32m+[0m[0m private_ip                           = (known after apply)
      [32m+[0m[0m public_dns                           = (known after apply)
      [32m+[0m[0m public_ip                            = (known after apply)
      [32m+[0m[0m region                               = "us-east-1"
      [32m+[0m[0m secondary_private_ips                = (known after apply)
      [32m+[0m[0m security_groups                      = (known after apply)
      [32m+[0m[0m source_dest_check                    = true
      [32m+[0m[0m spot_instance_request_id             = (known after apply)
      [32m+[0m[0m subnet_id                            = (known after apply)
      [32m+[0m[0m tags                                 = {
          [32m+[0m[0m "Name" = "5asrcb-bastion"
        }
      [32m+[0m[0m tags_all                             = {
          [32m+[0m[0m "Environment" = "dev"
          [32m+[0m[0m "ManagedBy"   = "Terraform"
          [32m+[0m[0m "Name"        = "5asrcb-bastion"
          [32m+[0m[0m "Project"     = "EKS-5ASRCB"
        }
      [32m+[0m[0m tenancy                              = (known after apply)
      [32m+[0m[0m user_data                            = <<-EOT
            #!/bin/bash
            set -e
            
            # Mise à jour du système
            dnf update -y
            
            # Installation d'Apache (httpd)
            dnf install -y httpd
            
            # Page d'accueil personnalisée
            cat > /var/www/html/index.html <<'EOF'
            <!DOCTYPE html>
            <html lang="fr">
            <head>
              <meta charset="UTF-8">
              <title>5ASRCB - EKS Project</title>
              <style>
                body { font-family: Arial, sans-serif; background: #1a1a2e; color: #eee; text-align: center; padding: 60px; }
                h1 { color: #00d4ff; }
                p  { color: #aaa; }
              </style>
            </head>
            <body>
              <h1>✅ EKS Cluster 5ASRCB</h1>
              <p>Instance EC2 bastion opérationnelle — Terraform déployé avec succès.</p>
              <p>Projet ESGI 5ASRCB | Cloud Computing</p>
            </body>
            </html>
            EOF
            
            # Démarrage et activation d'Apache
            systemctl enable --now httpd
        EOT
      [32m+[0m[0m user_data_base64                     = (known after apply)
      [32m+[0m[0m user_data_replace_on_change          = false
      [32m+[0m[0m vpc_security_group_ids               = (known after apply)

      [32m+[0m[0m capacity_reservation_specification (known after apply)

      [32m+[0m[0m cpu_options (known after apply)

      [32m+[0m[0m ebs_block_device (known after apply)

      [32m+[0m[0m enclave_options (known after apply)

      [32m+[0m[0m ephemeral_block_device (known after apply)

      [32m+[0m[0m instance_market_options (known after apply)

      [32m+[0m[0m maintenance_options (known after apply)

      [32m+[0m[0m metadata_options (known after apply)

      [32m+[0m[0m network_interface (known after apply)

      [32m+[0m[0m primary_network_interface (known after apply)

      [32m+[0m[0m private_dns_name_options (known after apply)

      [32m+[0m[0m root_block_device (known after apply)

      [32m+[0m[0m secondary_network_interface (known after apply)
    }

[1m  # module.core_compute.aws_internet_gateway.this[0m will be created
[0m  [32m+[0m[0m resource "aws_internet_gateway" "this" {
      [32m+[0m[0m arn      = (known after apply)
      [32m+[0m[0m id       = (known after apply)
      [32m+[0m[0m owner_id = (known after apply)
      [32m+[0m[0m region   = "us-east-1"
      [32m+[0m[0m tags     = {
          [32m+[0m[0m "Name" = "5asrcb-igw"
        }
      [32m+[0m[0m tags_all = {
          [32m+[0m[0m "Environment" = "dev"
          [32m+[0m[0m "ManagedBy"   = "Terraform"
          [32m+[0m[0m "Name"        = "5asrcb-igw"
          [32m+[0m[0m "Project"     = "EKS-5ASRCB"
        }
      [32m+[0m[0m vpc_id   = (known after apply)
    }

[1m  # module.core_compute.aws_nat_gateway.this[0m will be created
[0m  [32m+[0m[0m resource "aws_nat_gateway" "this" {
      [32m+[0m[0m allocation_id                      = (known after apply)
      [32m+[0m[0m association_id                     = (known after apply)
      [32m+[0m[0m auto_provision_zones               = (known after apply)
      [32m+[0m[0m auto_scaling_ips                   = (known after apply)
      [32m+[0m[0m availability_mode                  = (known after apply)
      [32m+[0m[0m connectivity_type                  = "public"
      [32m+[0m[0m id                                 = (known after apply)
      [32m+[0m[0m network_interface_id               = (known after apply)
      [32m+[0m[0m private_ip                         = (known after apply)
      [32m+[0m[0m public_ip                          = (known after apply)
      [32m+[0m[0m region                             = "us-east-1"
      [32m+[0m[0m regional_nat_gateway_address       = (known after apply)
      [32m+[0m[0m regional_nat_gateway_auto_mode     = (known after apply)
      [32m+[0m[0m route_table_id                     = (known after apply)
      [32m+[0m[0m secondary_allocation_ids           = (known after apply)
      [32m+[0m[0m secondary_private_ip_address_count = (known after apply)
      [32m+[0m[0m secondary_private_ip_addresses     = (known after apply)
      [32m+[0m[0m subnet_id                          = (known after apply)
      [32m+[0m[0m tags                               = {
          [32m+[0m[0m "Name" = "5asrcb-nat-gw"
        }
      [32m+[0m[0m tags_all                           = {
          [32m+[0m[0m "Environment" = "dev"
          [32m+[0m[0m "ManagedBy"   = "Terraform"
          [32m+[0m[0m "Name"        = "5asrcb-nat-gw"
          [32m+[0m[0m "Project"     = "EKS-5ASRCB"
        }
      [32m+[0m[0m vpc_id                             = (known after apply)
    }

[1m  # module.core_compute.aws_route_table.private[0m will be created
[0m  [32m+[0m[0m resource "aws_route_table" "private" {
      [32m+[0m[0m arn              = (known after apply)
      [32m+[0m[0m id               = (known after apply)
      [32m+[0m[0m owner_id         = (known after apply)
      [32m+[0m[0m propagating_vgws = (known after apply)
      [32m+[0m[0m region           = "us-east-1"
      [32m+[0m[0m route            = [
          [32m+[0m[0m {
              [32m+[0m[0m cidr_block                 = "0.0.0.0/0"
              [32m+[0m[0m nat_gateway_id             = (known after apply)
                [90m# (12 unchanged attributes hidden)[0m[0m
            },
        ]
      [32m+[0m[0m tags             = {
          [32m+[0m[0m "Name" = "5asrcb-private-rt"
        }
      [32m+[0m[0m tags_all         = {
          [32m+[0m[0m "Environment" = "dev"
          [32m+[0m[0m "ManagedBy"   = "Terraform"
          [32m+[0m[0m "Name"        = "5asrcb-private-rt"
          [32m+[0m[0m "Project"     = "EKS-5ASRCB"
        }
      [32m+[0m[0m vpc_id           = (known after apply)
    }

[1m  # module.core_compute.aws_route_table.public[0m will be created
[0m  [32m+[0m[0m resource "aws_route_table" "public" {
      [32m+[0m[0m arn              = (known after apply)
      [32m+[0m[0m id               = (known after apply)
      [32m+[0m[0m owner_id         = (known after apply)
      [32m+[0m[0m propagating_vgws = (known after apply)
      [32m+[0m[0m region           = "us-east-1"
      [32m+[0m[0m route            = [
          [32m+[0m[0m {
              [32m+[0m[0m cidr_block                 = "0.0.0.0/0"
              [32m+[0m[0m gateway_id                 = (known after apply)
                [90m# (12 unchanged attributes hidden)[0m[0m
            },
        ]
      [32m+[0m[0m tags             = {
          [32m+[0m[0m "Name" = "5asrcb-public-rt"
        }
      [32m+[0m[0m tags_all         = {
          [32m+[0m[0m "Environment" = "dev"
          [32m+[0m[0m "ManagedBy"   = "Terraform"
          [32m+[0m[0m "Name"        = "5asrcb-public-rt"
          [32m+[0m[0m "Project"     = "EKS-5ASRCB"
        }
      [32m+[0m[0m vpc_id           = (known after apply)
    }

[1m  # module.core_compute.aws_route_table_association.private[0][0m will be created
[0m  [32m+[0m[0m resource "aws_route_table_association" "private" {
      [32m+[0m[0m id             = (known after apply)
      [32m+[0m[0m region         = "us-east-1"
      [32m+[0m[0m route_table_id = (known after apply)
      [32m+[0m[0m subnet_id      = (known after apply)
    }

[1m  # module.core_compute.aws_route_table_association.private[1][0m will be created
[0m  [32m+[0m[0m resource "aws_route_table_association" "private" {
      [32m+[0m[0m id             = (known after apply)
      [32m+[0m[0m region         = "us-east-1"
      [32m+[0m[0m route_table_id = (known after apply)
      [32m+[0m[0m subnet_id      = (known after apply)
    }

[1m  # module.core_compute.aws_route_table_association.private[2][0m will be created
[0m  [32m+[0m[0m resource "aws_route_table_association" "private" {
      [32m+[0m[0m id             = (known after apply)
      [32m+[0m[0m region         = "us-east-1"
      [32m+[0m[0m route_table_id = (known after apply)
      [32m+[0m[0m subnet_id      = (known after apply)
    }

[1m  # module.core_compute.aws_route_table_association.public[0][0m will be created
[0m  [32m+[0m[0m resource "aws_route_table_association" "public" {
      [32m+[0m[0m id             = (known after apply)
      [32m+[0m[0m region         = "us-east-1"
      [32m+[0m[0m route_table_id = (known after apply)
      [32m+[0m[0m subnet_id      = (known after apply)
    }

[1m  # module.core_compute.aws_route_table_association.public[1][0m will be created
[0m  [32m+[0m[0m resource "aws_route_table_association" "public" {
      [32m+[0m[0m id             = (known after apply)
      [32m+[0m[0m region         = "us-east-1"
      [32m+[0m[0m route_table_id = (known after apply)
      [32m+[0m[0m subnet_id      = (known after apply)
    }

[1m  # module.core_compute.aws_route_table_association.public[2][0m will be created
[0m  [32m+[0m[0m resource "aws_route_table_association" "public" {
      [32m+[0m[0m id             = (known after apply)
      [32m+[0m[0m region         = "us-east-1"
      [32m+[0m[0m route_table_id = (known after apply)
      [32m+[0m[0m subnet_id      = (known after apply)
    }

[1m  # module.core_compute.aws_security_group.ec2[0m will be created
[0m  [32m+[0m[0m resource "aws_security_group" "ec2" {
      [32m+[0m[0m arn                    = (known after apply)
      [32m+[0m[0m description            = "EC2 bastion SG - SSH HTTP HTTPS"
      [32m+[0m[0m egress                 = [
          [32m+[0m[0m {
              [32m+[0m[0m cidr_blocks      = [
                  [32m+[0m[0m "0.0.0.0/0",
                ]
              [32m+[0m[0m description      = "All outbound traffic"
              [32m+[0m[0m from_port        = 0
              [32m+[0m[0m ipv6_cidr_blocks = []
              [32m+[0m[0m prefix_list_ids  = []
              [32m+[0m[0m protocol         = "-1"
              [32m+[0m[0m security_groups  = []
              [32m+[0m[0m self             = false
              [32m+[0m[0m to_port          = 0
            },
        ]
      [32m+[0m[0m id                     = (known after apply)
      [32m+[0m[0m ingress                = [
          [32m+[0m[0m {
              [32m+[0m[0m cidr_blocks      = [
                  [32m+[0m[0m "0.0.0.0/0",
                ]
              [32m+[0m[0m description      = "HTTP"
              [32m+[0m[0m from_port        = 80
              [32m+[0m[0m ipv6_cidr_blocks = []
              [32m+[0m[0m prefix_list_ids  = []
              [32m+[0m[0m protocol         = "tcp"
              [32m+[0m[0m security_groups  = []
              [32m+[0m[0m self             = false
              [32m+[0m[0m to_port          = 80
            },
          [32m+[0m[0m {
              [32m+[0m[0m cidr_blocks      = [
                  [32m+[0m[0m "0.0.0.0/0",
                ]
              [32m+[0m[0m description      = "HTTPS"
              [32m+[0m[0m from_port        = 443
              [32m+[0m[0m ipv6_cidr_blocks = []
              [32m+[0m[0m prefix_list_ids  = []
              [32m+[0m[0m protocol         = "tcp"
              [32m+[0m[0m security_groups  = []
              [32m+[0m[0m self             = false
              [32m+[0m[0m to_port          = 443
            },
          [32m+[0m[0m {
              [32m+[0m[0m cidr_blocks      = [
                  [32m+[0m[0m "0.0.0.0/0",
                ]
              [32m+[0m[0m description      = "SSH from all IPs"
              [32m+[0m[0m from_port        = 22
              [32m+[0m[0m ipv6_cidr_blocks = []
              [32m+[0m[0m prefix_list_ids  = []
              [32m+[0m[0m protocol         = "tcp"
              [32m+[0m[0m security_groups  = []
              [32m+[0m[0m self             = false
              [32m+[0m[0m to_port          = 22
            },
        ]
      [32m+[0m[0m name                   = "5asrcb-ec2-sg"
      [32m+[0m[0m name_prefix            = (known after apply)
      [32m+[0m[0m owner_id               = (known after apply)
      [32m+[0m[0m region                 = "us-east-1"
      [32m+[0m[0m revoke_rules_on_delete = false
      [32m+[0m[0m tags                   = {
          [32m+[0m[0m "Name" = "5asrcb-ec2-sg"
        }
      [32m+[0m[0m tags_all               = {
          [32m+[0m[0m "Environment" = "dev"
          [32m+[0m[0m "ManagedBy"   = "Terraform"
          [32m+[0m[0m "Name"        = "5asrcb-ec2-sg"
          [32m+[0m[0m "Project"     = "EKS-5ASRCB"
        }
      [32m+[0m[0m vpc_id                 = (known after apply)
    }

[1m  # module.core_compute.aws_security_group.eks_cluster[0m will be created
[0m  [32m+[0m[0m resource "aws_security_group" "eks_cluster" {
      [32m+[0m[0m arn                    = (known after apply)
      [32m+[0m[0m description            = "Additional SG for EKS control plane"
      [32m+[0m[0m egress                 = [
          [32m+[0m[0m {
              [32m+[0m[0m cidr_blocks      = [
                  [32m+[0m[0m "0.0.0.0/0",
                ]
              [32m+[0m[0m description      = "All outbound traffic"
              [32m+[0m[0m from_port        = 0
              [32m+[0m[0m ipv6_cidr_blocks = []
              [32m+[0m[0m prefix_list_ids  = []
              [32m+[0m[0m protocol         = "-1"
              [32m+[0m[0m security_groups  = []
              [32m+[0m[0m self             = false
              [32m+[0m[0m to_port          = 0
            },
        ]
      [32m+[0m[0m id                     = (known after apply)
      [32m+[0m[0m ingress                = (known after apply)
      [32m+[0m[0m name                   = "5asrcb-eks-cluster-sg"
      [32m+[0m[0m name_prefix            = (known after apply)
      [32m+[0m[0m owner_id               = (known after apply)
      [32m+[0m[0m region                 = "us-east-1"
      [32m+[0m[0m revoke_rules_on_delete = false
      [32m+[0m[0m tags                   = {
          [32m+[0m[0m "Name" = "5asrcb-eks-cluster-sg"
        }
      [32m+[0m[0m tags_all               = {
          [32m+[0m[0m "Environment" = "dev"
          [32m+[0m[0m "ManagedBy"   = "Terraform"
          [32m+[0m[0m "Name"        = "5asrcb-eks-cluster-sg"
          [32m+[0m[0m "Project"     = "EKS-5ASRCB"
        }
      [32m+[0m[0m vpc_id                 = (known after apply)
    }

[1m  # module.core_compute.aws_subnet.private[0][0m will be created
[0m  [32m+[0m[0m resource "aws_subnet" "private" {
      [32m+[0m[0m arn                                            = (known after apply)
      [32m+[0m[0m assign_ipv6_address_on_creation                = false
      [32m+[0m[0m availability_zone                              = "us-east-1a"
      [32m+[0m[0m availability_zone_id                           = (known after apply)
      [32m+[0m[0m cidr_block                                     = "10.2.10.0/24"
      [32m+[0m[0m enable_dns64                                   = false
      [32m+[0m[0m enable_resource_name_dns_a_record_on_launch    = false
      [32m+[0m[0m enable_resource_name_dns_aaaa_record_on_launch = false
      [32m+[0m[0m id                                             = (known after apply)
      [32m+[0m[0m ipv6_cidr_block                                = (known after apply)
      [32m+[0m[0m ipv6_cidr_block_association_id                 = (known after apply)
      [32m+[0m[0m ipv6_native                                    = false
      [32m+[0m[0m map_public_ip_on_launch                        = false
      [32m+[0m[0m owner_id                                       = (known after apply)
      [32m+[0m[0m private_dns_hostname_type_on_launch            = (known after apply)
      [32m+[0m[0m region                                         = "us-east-1"
      [32m+[0m[0m tags                                           = {
          [32m+[0m[0m "Name"                             = "5asrcb-private-subnet-1"
          [32m+[0m[0m "kubernetes.io/cluster/eks-5asrcb" = "shared"
          [32m+[0m[0m "kubernetes.io/role/internal-elb"  = "1"
        }
      [32m+[0m[0m tags_all                                       = {
          [32m+[0m[0m "Environment"                      = "dev"
          [32m+[0m[0m "ManagedBy"                        = "Terraform"
          [32m+[0m[0m "Name"                             = "5asrcb-private-subnet-1"
          [32m+[0m[0m "Project"                          = "EKS-5ASRCB"
          [32m+[0m[0m "kubernetes.io/cluster/eks-5asrcb" = "shared"
          [32m+[0m[0m "kubernetes.io/role/internal-elb"  = "1"
        }
      [32m+[0m[0m vpc_id                                         = (known after apply)
    }

[1m  # module.core_compute.aws_subnet.private[1][0m will be created
[0m  [32m+[0m[0m resource "aws_subnet" "private" {
      [32m+[0m[0m arn                                            = (known after apply)
      [32m+[0m[0m assign_ipv6_address_on_creation                = false
      [32m+[0m[0m availability_zone                              = "us-east-1b"
      [32m+[0m[0m availability_zone_id                           = (known after apply)
      [32m+[0m[0m cidr_block                                     = "10.2.20.0/24"
      [32m+[0m[0m enable_dns64                                   = false
      [32m+[0m[0m enable_resource_name_dns_a_record_on_launch    = false
      [32m+[0m[0m enable_resource_name_dns_aaaa_record_on_launch = false
      [32m+[0m[0m id                                             = (known after apply)
      [32m+[0m[0m ipv6_cidr_block                                = (known after apply)
      [32m+[0m[0m ipv6_cidr_block_association_id                 = (known after apply)
      [32m+[0m[0m ipv6_native                                    = false
      [32m+[0m[0m map_public_ip_on_launch                        = false
      [32m+[0m[0m owner_id                                       = (known after apply)
      [32m+[0m[0m private_dns_hostname_type_on_launch            = (known after apply)
      [32m+[0m[0m region                                         = "us-east-1"
      [32m+[0m[0m tags                                           = {
          [32m+[0m[0m "Name"                             = "5asrcb-private-subnet-2"
          [32m+[0m[0m "kubernetes.io/cluster/eks-5asrcb" = "shared"
          [32m+[0m[0m "kubernetes.io/role/internal-elb"  = "1"
        }
      [32m+[0m[0m tags_all                                       = {
          [32m+[0m[0m "Environment"                      = "dev"
          [32m+[0m[0m "ManagedBy"                        = "Terraform"
          [32m+[0m[0m "Name"                             = "5asrcb-private-subnet-2"
          [32m+[0m[0m "Project"                          = "EKS-5ASRCB"
          [32m+[0m[0m "kubernetes.io/cluster/eks-5asrcb" = "shared"
          [32m+[0m[0m "kubernetes.io/role/internal-elb"  = "1"
        }
      [32m+[0m[0m vpc_id                                         = (known after apply)
    }

[1m  # module.core_compute.aws_subnet.private[2][0m will be created
[0m  [32m+[0m[0m resource "aws_subnet" "private" {
      [32m+[0m[0m arn                                            = (known after apply)
      [32m+[0m[0m assign_ipv6_address_on_creation                = false
      [32m+[0m[0m availability_zone                              = "us-east-1c"
      [32m+[0m[0m availability_zone_id                           = (known after apply)
      [32m+[0m[0m cidr_block                                     = "10.2.30.0/24"
      [32m+[0m[0m enable_dns64                                   = false
      [32m+[0m[0m enable_resource_name_dns_a_record_on_launch    = false
      [32m+[0m[0m enable_resource_name_dns_aaaa_record_on_launch = false
      [32m+[0m[0m id                                             = (known after apply)
      [32m+[0m[0m ipv6_cidr_block                                = (known after apply)
      [32m+[0m[0m ipv6_cidr_block_association_id                 = (known after apply)
      [32m+[0m[0m ipv6_native                                    = false
      [32m+[0m[0m map_public_ip_on_launch                        = false
      [32m+[0m[0m owner_id                                       = (known after apply)
      [32m+[0m[0m private_dns_hostname_type_on_launch            = (known after apply)
      [32m+[0m[0m region                                         = "us-east-1"
      [32m+[0m[0m tags                                           = {
          [32m+[0m[0m "Name"                             = "5asrcb-private-subnet-3"
          [32m+[0m[0m "kubernetes.io/cluster/eks-5asrcb" = "shared"
          [32m+[0m[0m "kubernetes.io/role/internal-elb"  = "1"
        }
      [32m+[0m[0m tags_all                                       = {
          [32m+[0m[0m "Environment"                      = "dev"
          [32m+[0m[0m "ManagedBy"                        = "Terraform"
          [32m+[0m[0m "Name"                             = "5asrcb-private-subnet-3"
          [32m+[0m[0m "Project"                          = "EKS-5ASRCB"
          [32m+[0m[0m "kubernetes.io/cluster/eks-5asrcb" = "shared"
          [32m+[0m[0m "kubernetes.io/role/internal-elb"  = "1"
        }
      [32m+[0m[0m vpc_id                                         = (known after apply)
    }

[1m  # module.core_compute.aws_subnet.public[0][0m will be created
[0m  [32m+[0m[0m resource "aws_subnet" "public" {
      [32m+[0m[0m arn                                            = (known after apply)
      [32m+[0m[0m assign_ipv6_address_on_creation                = false
      [32m+[0m[0m availability_zone                              = "us-east-1a"
      [32m+[0m[0m availability_zone_id                           = (known after apply)
      [32m+[0m[0m cidr_block                                     = "10.2.1.0/24"
      [32m+[0m[0m enable_dns64                                   = false
      [32m+[0m[0m enable_resource_name_dns_a_record_on_launch    = false
      [32m+[0m[0m enable_resource_name_dns_aaaa_record_on_launch = false
      [32m+[0m[0m id                                             = (known after apply)
      [32m+[0m[0m ipv6_cidr_block                                = (known after apply)
      [32m+[0m[0m ipv6_cidr_block_association_id                 = (known after apply)
      [32m+[0m[0m ipv6_native                                    = false
      [32m+[0m[0m map_public_ip_on_launch                        = true
      [32m+[0m[0m owner_id                                       = (known after apply)
      [32m+[0m[0m private_dns_hostname_type_on_launch            = (known after apply)
      [32m+[0m[0m region                                         = "us-east-1"
      [32m+[0m[0m tags                                           = {
          [32m+[0m[0m "Name"                             = "5asrcb-public-subnet-1"
          [32m+[0m[0m "kubernetes.io/cluster/eks-5asrcb" = "shared"
          [32m+[0m[0m "kubernetes.io/role/elb"           = "1"
        }
      [32m+[0m[0m tags_all                                       = {
          [32m+[0m[0m "Environment"                      = "dev"
          [32m+[0m[0m "ManagedBy"                        = "Terraform"
          [32m+[0m[0m "Name"                             = "5asrcb-public-subnet-1"
          [32m+[0m[0m "Project"                          = "EKS-5ASRCB"
          [32m+[0m[0m "kubernetes.io/cluster/eks-5asrcb" = "shared"
          [32m+[0m[0m "kubernetes.io/role/elb"           = "1"
        }
      [32m+[0m[0m vpc_id                                         = (known after apply)
    }

[1m  # module.core_compute.aws_subnet.public[1][0m will be created
[0m  [32m+[0m[0m resource "aws_subnet" "public" {
      [32m+[0m[0m arn                                            = (known after apply)
      [32m+[0m[0m assign_ipv6_address_on_creation                = false
      [32m+[0m[0m availability_zone                              = "us-east-1b"
      [32m+[0m[0m availability_zone_id                           = (known after apply)
      [32m+[0m[0m cidr_block                                     = "10.2.2.0/24"
      [32m+[0m[0m enable_dns64                                   = false
      [32m+[0m[0m enable_resource_name_dns_a_record_on_launch    = false
      [32m+[0m[0m enable_resource_name_dns_aaaa_record_on_launch = false
      [32m+[0m[0m id                                             = (known after apply)
      [32m+[0m[0m ipv6_cidr_block                                = (known after apply)
      [32m+[0m[0m ipv6_cidr_block_association_id                 = (known after apply)
      [32m+[0m[0m ipv6_native                                    = false
      [32m+[0m[0m map_public_ip_on_launch                        = true
      [32m+[0m[0m owner_id                                       = (known after apply)
      [32m+[0m[0m private_dns_hostname_type_on_launch            = (known after apply)
      [32m+[0m[0m region                                         = "us-east-1"
      [32m+[0m[0m tags                                           = {
          [32m+[0m[0m "Name"                             = "5asrcb-public-subnet-2"
          [32m+[0m[0m "kubernetes.io/cluster/eks-5asrcb" = "shared"
          [32m+[0m[0m "kubernetes.io/role/elb"           = "1"
        }
      [32m+[0m[0m tags_all                                       = {
          [32m+[0m[0m "Environment"                      = "dev"
          [32m+[0m[0m "ManagedBy"                        = "Terraform"
          [32m+[0m[0m "Name"                             = "5asrcb-public-subnet-2"
          [32m+[0m[0m "Project"                          = "EKS-5ASRCB"
          [32m+[0m[0m "kubernetes.io/cluster/eks-5asrcb" = "shared"
          [32m+[0m[0m "kubernetes.io/role/elb"           = "1"
        }
      [32m+[0m[0m vpc_id                                         = (known after apply)
    }

[1m  # module.core_compute.aws_subnet.public[2][0m will be created
[0m  [32m+[0m[0m resource "aws_subnet" "public" {
      [32m+[0m[0m arn                                            = (known after apply)
      [32m+[0m[0m assign_ipv6_address_on_creation                = false
      [32m+[0m[0m availability_zone                              = "us-east-1c"
      [32m+[0m[0m availability_zone_id                           = (known after apply)
      [32m+[0m[0m cidr_block                                     = "10.2.3.0/24"
      [32m+[0m[0m enable_dns64                                   = false
      [32m+[0m[0m enable_resource_name_dns_a_record_on_launch    = false
      [32m+[0m[0m enable_resource_name_dns_aaaa_record_on_launch = false
      [32m+[0m[0m id                                             = (known after apply)
      [32m+[0m[0m ipv6_cidr_block                                = (known after apply)
      [32m+[0m[0m ipv6_cidr_block_association_id                 = (known after apply)
      [32m+[0m[0m ipv6_native                                    = false
      [32m+[0m[0m map_public_ip_on_launch                        = true
      [32m+[0m[0m owner_id                                       = (known after apply)
      [32m+[0m[0m private_dns_hostname_type_on_launch            = (known after apply)
      [32m+[0m[0m region                                         = "us-east-1"
      [32m+[0m[0m tags                                           = {
          [32m+[0m[0m "Name"                             = "5asrcb-public-subnet-3"
          [32m+[0m[0m "kubernetes.io/cluster/eks-5asrcb" = "shared"
          [32m+[0m[0m "kubernetes.io/role/elb"           = "1"
        }
      [32m+[0m[0m tags_all                                       = {
          [32m+[0m[0m "Environment"                      = "dev"
          [32m+[0m[0m "ManagedBy"                        = "Terraform"
          [32m+[0m[0m "Name"                             = "5asrcb-public-subnet-3"
          [32m+[0m[0m "Project"                          = "EKS-5ASRCB"
          [32m+[0m[0m "kubernetes.io/cluster/eks-5asrcb" = "shared"
          [32m+[0m[0m "kubernetes.io/role/elb"           = "1"
        }
      [32m+[0m[0m vpc_id                                         = (known after apply)
    }

[1m  # module.core_compute.aws_vpc.this[0m will be created
[0m  [32m+[0m[0m resource "aws_vpc" "this" {
      [32m+[0m[0m arn                                  = (known after apply)
      [32m+[0m[0m cidr_block                           = "10.2.0.0/16"
      [32m+[0m[0m default_network_acl_id               = (known after apply)
      [32m+[0m[0m default_route_table_id               = (known after apply)
      [32m+[0m[0m default_security_group_id            = (known after apply)
      [32m+[0m[0m dhcp_options_id                      = (known after apply)
      [32m+[0m[0m enable_dns_hostnames                 = true
      [32m+[0m[0m enable_dns_support                   = true
      [32m+[0m[0m enable_network_address_usage_metrics = (known after apply)
      [32m+[0m[0m id                                   = (known after apply)
      [32m+[0m[0m instance_tenancy                     = "default"
      [32m+[0m[0m ipv6_association_id                  = (known after apply)
      [32m+[0m[0m ipv6_cidr_block                      = (known after apply)
      [32m+[0m[0m ipv6_cidr_block_network_border_group = (known after apply)
      [32m+[0m[0m main_route_table_id                  = (known after apply)
      [32m+[0m[0m owner_id                             = (known after apply)
      [32m+[0m[0m region                               = "us-east-1"
      [32m+[0m[0m tags                                 = {
          [32m+[0m[0m "Name" = "5asrcb-vpc"
        }
      [32m+[0m[0m tags_all                             = {
          [32m+[0m[0m "Environment" = "dev"
          [32m+[0m[0m "ManagedBy"   = "Terraform"
          [32m+[0m[0m "Name"        = "5asrcb-vpc"
          [32m+[0m[0m "Project"     = "EKS-5ASRCB"
        }
    }

[1mPlan:[0m 38 to add, 0 to change, 0 to destroy.
[0m
Changes to Outputs:
  [32m+[0m[0m alb_dns_name                      = (known after apply)
  [32m+[0m[0m ec2_public_ip                     = (known after apply)
  [32m+[0m[0m eks_cluster_certificate_authority = (sensitive value)
  [32m+[0m[0m eks_cluster_endpoint              = (known after apply)
  [32m+[0m[0m eks_cluster_name                  = "eks-5asrcb"
  [32m+[0m[0m eks_cluster_version               = "1.31"
  [32m+[0m[0m kubeconfig_command                = "aws eks update-kubeconfig --region us-east-1 --name eks-5asrcb"
  [32m+[0m[0m private_subnet_ids                = [
      [32m+[0m[0m (known after apply),
      [32m+[0m[0m (known after apply),
      [32m+[0m[0m (known after apply),
    ]
  [32m+[0m[0m public_subnet_ids                 = [
      [32m+[0m[0m (known after apply),
      [32m+[0m[0m (known after apply),
      [32m+[0m[0m (known after apply),
    ]
  [32m+[0m[0m vpc_id                            = (known after apply)
[0m[1maws_iam_role.eks_node_role: Creating...[0m[0m
[0m[1maws_iam_role.eks_cluster_role: Creating...[0m[0m
[0m[1mmodule.core_compute.aws_vpc.this: Creating...[0m[0m
[0m[1maws_iam_role.eks_cluster_role: Creation complete after 1s [id=eks-5asrcb-cluster-role][0m
[0m[1maws_iam_role_policy_attachment.eks_vpc_resource_controller: Creating...[0m[0m
[0m[1maws_iam_role_policy_attachment.eks_cluster_policy: Creating...[0m[0m
[0m[1maws_iam_role.eks_node_role: Creation complete after 1s [id=eks-5asrcb-node-role][0m
[0m[1maws_iam_role_policy_attachment.eks_worker_node_policy: Creating...[0m[0m
[0m[1maws_iam_role_policy_attachment.ecr_readonly: Creating...[0m[0m
[0m[1maws_iam_role_policy_attachment.eks_cni_policy: Creating...[0m[0m
[0m[1maws_iam_role_policy_attachment.eks_vpc_resource_controller: Creation complete after 1s [id=eks-5asrcb-cluster-role/arn:aws:iam::aws:policy/AmazonEKSVPCResourceController][0m
[0m[1maws_iam_role_policy_attachment.eks_cluster_policy: Creation complete after 1s [id=eks-5asrcb-cluster-role/arn:aws:iam::aws:policy/AmazonEKSClusterPolicy][0m
[0m[1maws_iam_role_policy_attachment.ecr_readonly: Creation complete after 1s [id=eks-5asrcb-node-role/arn:aws:iam::aws:policy/AmazonEC2ContainerRegistryReadOnly][0m
[0m[1maws_iam_role_policy_attachment.eks_worker_node_policy: Creation complete after 1s [id=eks-5asrcb-node-role/arn:aws:iam::aws:policy/AmazonEKSWorkerNodePolicy][0m
[0m[1maws_iam_role_policy_attachment.eks_cni_policy: Creation complete after 1s [id=eks-5asrcb-node-role/arn:aws:iam::aws:policy/AmazonEKS_CNI_Policy][0m
[0m[1mmodule.core_compute.aws_vpc.this: Creation complete after 3s [id=vpc-0b97c641275d5818f][0m
[0m[1mmodule.core_compute.aws_subnet.public[1]: Creating...[0m[0m
[0m[1mmodule.core_compute.aws_subnet.private[1]: Creating...[0m[0m
[0m[1mmodule.core_compute.aws_subnet.private[2]: Creating...[0m[0m
[0m[1mmodule.core_compute.aws_subnet.public[2]: Creating...[0m[0m
[0m[1mmodule.core_compute.aws_internet_gateway.this: Creating...[0m[0m
[0m[1mmodule.core_compute.aws_security_group.eks_cluster: Creating...[0m[0m
[0m[1mmodule.core_compute.aws_subnet.private[0]: Creating...[0m[0m
[0m[1mmodule.core_compute.aws_subnet.public[0]: Creating...[0m[0m
[0m[1mmodule.core_compute.aws_security_group.ec2: Creating...[0m[0m
[0m[1maws_security_group.alb_sg: Creating...[0m[0m
[0m[1mmodule.core_compute.aws_subnet.private[0]: Creation complete after 1s [id=subnet-0e3efb8d23ecf0e08][0m
[0m[1mmodule.core_compute.aws_subnet.private[2]: Creation complete after 2s [id=subnet-0707fc79ae7ce9963][0m
[0m[1maws_lb_target_group.this: Creating...[0m[0m
[0m[1mmodule.core_compute.aws_internet_gateway.this: Creation complete after 2s [id=igw-072ec3d9a39e76f20][0m
[0m[1mmodule.core_compute.aws_eip.nat: Creating...[0m[0m
[0m[1mmodule.core_compute.aws_route_table.public: Creating...[0m[0m
[0m[1mmodule.core_compute.aws_subnet.private[1]: Creation complete after 2s [id=subnet-0910c49e2277ad1d9][0m
[0m[1mmodule.core_compute.aws_route_table.public: Creation complete after 1s [id=rtb-014b62df9528b3819][0m
[0m[1maws_lb_target_group.this: Creation complete after 2s [id=arn:aws:elasticloadbalancing:us-east-1:214654654048:targetgroup/5asrcb-alb-tg/8bbccb64c7d786b2][0m
[0m[1mmodule.core_compute.aws_security_group.ec2: Creation complete after 4s [id=sg-06e74139effdfec2f][0m
[0m[1mmodule.core_compute.aws_security_group.eks_cluster: Creation complete after 4s [id=sg-07ce501200af54f0b][0m
[0m[1mmodule.core_compute.aws_eip.nat: Creation complete after 2s [id=eipalloc-0f22f1107fbc72f78][0m
[0m[1maws_security_group.alb_sg: Creation complete after 4s [id=sg-081d2b5eb6ed22968][0m
[0m[1mmodule.core_compute.aws_subnet.public[1]: Still creating... [10s elapsed][0m[0m
[0m[1mmodule.core_compute.aws_subnet.public[2]: Still creating... [10s elapsed][0m[0m
[0m[1mmodule.core_compute.aws_subnet.public[0]: Still creating... [10s elapsed][0m[0m
[0m[1mmodule.core_compute.aws_subnet.public[1]: Creation complete after 12s [id=subnet-02932c4391abc4b6a][0m
[0m[1mmodule.core_compute.aws_subnet.public[0]: Creation complete after 12s [id=subnet-03d5c90367220dae3][0m
[0m[1mmodule.core_compute.aws_nat_gateway.this: Creating...[0m[0m
[0m[1mmodule.core_compute.aws_instance.bastion: Creating...[0m[0m
[0m[1mmodule.core_compute.aws_subnet.public[2]: Creation complete after 16s [id=subnet-042210c6bdd829c41][0m
[0m[1mmodule.core_compute.aws_route_table_association.public[0]: Creating...[0m[0m
[0m[1mmodule.core_compute.aws_route_table_association.public[1]: Creating...[0m[0m
[0m[1mmodule.core_compute.aws_route_table_association.public[2]: Creating...[0m[0m
[0m[1maws_lb.this: Creating...[0m[0m
[0m[1maws_eks_cluster.this: Creating...[0m[0m
[0m[1mmodule.core_compute.aws_route_table_association.public[2]: Creation complete after 1s [id=rtbassoc-0f23623a9af48454e][0m
[0m[1mmodule.core_compute.aws_route_table_association.public[1]: Creation complete after 1s [id=rtbassoc-0efe285b4c6bc406b][0m
[0m[1mmodule.core_compute.aws_route_table_association.public[0]: Creation complete after 1s [id=rtbassoc-0d16484d5d5ddb6e4][0m
[0m[1mmodule.core_compute.aws_nat_gateway.this: Still creating... [10s elapsed][0m[0m
[0m[1mmodule.core_compute.aws_instance.bastion: Still creating... [10s elapsed][0m[0m
[0m[1maws_lb.this: Still creating... [10s elapsed][0m[0m
[0m[1maws_eks_cluster.this: Still creating... [10s elapsed][0m[0m
[0m[1mmodule.core_compute.aws_instance.bastion: Creation complete after 14s [id=i-0441a5709cb67572d][0m
[0m[1maws_lb_target_group_attachment.ec2: Creating...[0m[0m
[0m[1maws_lb_target_group_attachment.ec2: Creation complete after 1s [id=arn:aws:elasticloadbalancing:us-east-1:214654654048:targetgroup/5asrcb-alb-tg/8bbccb64c7d786b2,i-0441a5709cb67572d,80][0m
[0m[1mmodule.core_compute.aws_nat_gateway.this: Still creating... [20s elapsed][0m[0m
[0m[1maws_lb.this: Still creating... [20s elapsed][0m[0m
[0m[1maws_eks_cluster.this: Still creating... [20s elapsed][0m[0m
[0m[1mmodule.core_compute.aws_nat_gateway.this: Still creating... [30s elapsed][0m[0m
[0m[1maws_lb.this: Still creating... [30s elapsed][0m[0m
[0m[1maws_eks_cluster.this: Still creating... [30s elapsed][0m[0m
[0m[1mmodule.core_compute.aws_nat_gateway.this: Still creating... [40s elapsed][0m[0m
[0m[1maws_lb.this: Still creating... [40s elapsed][0m[0m
[0m[1maws_eks_cluster.this: Still creating... [40s elapsed][0m[0m
[0m[1mmodule.core_compute.aws_nat_gateway.this: Still creating... [50s elapsed][0m[0m
[0m[1maws_lb.this: Still creating... [49s elapsed][0m[0m
[0m[1maws_eks_cluster.this: Still creating... [49s elapsed][0m[0m
[0m[1mmodule.core_compute.aws_nat_gateway.this: Still creating... [59s elapsed][0m[0m
[0m[1maws_eks_cluster.this: Still creating... [59s elapsed][0m[0m
[0m[1maws_lb.this: Still creating... [59s elapsed][0m[0m
[0m[1mmodule.core_compute.aws_nat_gateway.this: Still creating... [1m9s elapsed][0m[0m
[0m[1maws_lb.this: Still creating... [1m9s elapsed][0m[0m
[0m[1maws_eks_cluster.this: Still creating... [1m9s elapsed][0m[0m
[0m[1mmodule.core_compute.aws_nat_gateway.this: Still creating... [1m19s elapsed][0m[0m
[0m[1maws_lb.this: Still creating... [1m19s elapsed][0m[0m
[0m[1maws_eks_cluster.this: Still creating... [1m19s elapsed][0m[0m
[0m[1mmodule.core_compute.aws_nat_gateway.this: Still creating... [1m29s elapsed][0m[0m
[0m[1maws_lb.this: Still creating... [1m29s elapsed][0m[0m
[0m[1maws_eks_cluster.this: Still creating... [1m29s elapsed][0m[0m
[0m[1mmodule.core_compute.aws_nat_gateway.this: Creation complete after 1m34s [id=nat-0a08357bca6bcb370][0m
[0m[1mmodule.core_compute.aws_route_table.private: Creating...[0m[0m
[0m[1mmodule.core_compute.aws_route_table.private: Creation complete after 2s [id=rtb-099e3bb865fa1c2c7][0m
[0m[1mmodule.core_compute.aws_route_table_association.private[1]: Creating...[0m[0m
[0m[1mmodule.core_compute.aws_route_table_association.private[2]: Creating...[0m[0m
[0m[1mmodule.core_compute.aws_route_table_association.private[0]: Creating...[0m[0m
[0m[1mmodule.core_compute.aws_route_table_association.private[2]: Creation complete after 1s [id=rtbassoc-0c92c929817b41080][0m
[0m[1mmodule.core_compute.aws_route_table_association.private[1]: Creation complete after 1s [id=rtbassoc-0c9f01306c48d66e6][0m
[0m[1mmodule.core_compute.aws_route_table_association.private[0]: Creation complete after 1s [id=rtbassoc-0261aa3e17476c71e][0m
[0m[1maws_lb.this: Still creating... [1m39s elapsed][0m[0m
[0m[1maws_eks_cluster.this: Still creating... [1m39s elapsed][0m[0m
[0m[1maws_lb.this: Still creating... [1m49s elapsed][0m[0m
[0m[1maws_eks_cluster.this: Still creating... [1m49s elapsed][0m[0m
[0m[1maws_eks_cluster.this: Still creating... [1m58s elapsed][0m[0m
[0m[1maws_lb.this: Still creating... [1m58s elapsed][0m[0m
[0m[1maws_lb.this: Still creating... [2m8s elapsed][0m[0m
[0m[1maws_eks_cluster.this: Still creating... [2m8s elapsed][0m[0m
[0m[1maws_eks_cluster.this: Still creating... [2m18s elapsed][0m[0m
[0m[1maws_lb.this: Still creating... [2m18s elapsed][0m[0m
[0m[1maws_eks_cluster.this: Still creating... [2m28s elapsed][0m[0m
[0m[1maws_lb.this: Still creating... [2m28s elapsed][0m[0m
[0m[1maws_eks_cluster.this: Still creating... [2m38s elapsed][0m[0m
[0m[1maws_lb.this: Still creating... [2m38s elapsed][0m[0m
[0m[1maws_eks_cluster.this: Still creating... [2m48s elapsed][0m[0m
[0m[1maws_lb.this: Still creating... [2m48s elapsed][0m[0m
[0m[1maws_lb.this: Still creating... [2m57s elapsed][0m[0m
[0m[1maws_eks_cluster.this: Still creating... [2m57s elapsed][0m[0m
[0m[1maws_eks_cluster.this: Still creating... [3m7s elapsed][0m[0m
[0m[1maws_lb.this: Still creating... [3m7s elapsed][0m[0m
[0m[1maws_eks_cluster.this: Still creating... [3m17s elapsed][0m[0m
[0m[1maws_lb.this: Still creating... [3m17s elapsed][0m[0m
[0m[1maws_lb.this: Creation complete after 3m22s [id=arn:aws:elasticloadbalancing:us-east-1:214654654048:loadbalancer/app/5asrcb-alb/34e0dd4c822ede4d][0m
[0m[1maws_lb_listener.http: Creating...[0m[0m
[0m[1maws_lb_listener.http: Creation complete after 1s [id=arn:aws:elasticloadbalancing:us-east-1:214654654048:listener/app/5asrcb-alb/34e0dd4c822ede4d/afacc92cb4e93327][0m
[0m[1maws_eks_cluster.this: Still creating... [3m27s elapsed][0m[0m
[0m[1maws_eks_cluster.this: Still creating... [3m37s elapsed][0m[0m
[0m[1maws_eks_cluster.this: Still creating... [3m47s elapsed][0m[0m
[0m[1maws_eks_cluster.this: Still creating... [3m57s elapsed][0m[0m
[0m[1maws_eks_cluster.this: Still creating... [4m6s elapsed][0m[0m
[0m[1maws_eks_cluster.this: Still creating... [4m16s elapsed][0m[0m
[0m[1maws_eks_cluster.this: Still creating... [4m26s elapsed][0m[0m
[0m[1maws_eks_cluster.this: Still creating... [4m36s elapsed][0m[0m
[0m[1maws_eks_cluster.this: Still creating... [4m46s elapsed][0m[0m
[0m[1maws_eks_cluster.this: Still creating... [4m56s elapsed][0m[0m
[0m[1maws_eks_cluster.this: Still creating... [5m5s elapsed][0m[0m
[0m[1maws_eks_cluster.this: Still creating... [5m15s elapsed][0m[0m
[0m[1maws_eks_cluster.this: Still creating... [5m25s elapsed][0m[0m
[0m[1maws_eks_cluster.this: Still creating... [5m35s elapsed][0m[0m
[0m[1maws_eks_cluster.this: Still creating... [5m45s elapsed][0m[0m
[0m[1maws_eks_cluster.this: Still creating... [5m55s elapsed][0m[0m
[0m[1maws_eks_cluster.this: Still creating... [6m4s elapsed][0m[0m
[0m[1maws_eks_cluster.this: Still creating... [6m14s elapsed][0m[0m
[0m[1maws_eks_cluster.this: Still creating... [6m24s elapsed][0m[0m
[0m[1maws_eks_cluster.this: Still creating... [6m34s elapsed][0m[0m
[0m[1maws_eks_cluster.this: Still creating... [6m44s elapsed][0m[0m
[0m[1maws_eks_cluster.this: Still creating... [6m54s elapsed][0m[0m
[0m[1maws_eks_cluster.this: Still creating... [7m4s elapsed][0m[0m
[0m[1maws_eks_cluster.this: Still creating... [7m13s elapsed][0m[0m
[0m[1maws_eks_cluster.this: Still creating... [7m23s elapsed][0m[0m
[0m[1maws_eks_cluster.this: Still creating... [7m33s elapsed][0m[0m
[0m[1maws_eks_cluster.this: Still creating... [7m43s elapsed][0m[0m
[0m[1maws_eks_cluster.this: Still creating... [7m53s elapsed][0m[0m
[0m[1maws_eks_cluster.this: Still creating... [8m3s elapsed][0m[0m
[0m[1maws_eks_cluster.this: Still creating... [8m12s elapsed][0m[0m
[0m[1maws_eks_cluster.this: Still creating... [8m22s elapsed][0m[0m
[0m[1maws_eks_cluster.this: Still creating... [8m32s elapsed][0m[0m
[0m[1maws_eks_cluster.this: Still creating... [8m42s elapsed][0m[0m
[0m[1maws_eks_cluster.this: Still creating... [8m52s elapsed][0m[0m
[0m[1maws_eks_cluster.this: Still creating... [9m2s elapsed][0m[0m
[0m[1maws_eks_cluster.this: Still creating... [9m12s elapsed][0m[0m
[0m[1maws_eks_cluster.this: Still creating... [9m21s elapsed][0m[0m
[0m[1maws_eks_cluster.this: Still creating... [9m31s elapsed][0m[0m
[0m[1maws_eks_cluster.this: Still creating... [9m41s elapsed][0m[0m
[0m[1maws_eks_cluster.this: Creation complete after 9m44s [id=eks-5asrcb][0m
[0m[1maws_eks_node_group.this: Creating...[0m[0m
[0m[1maws_eks_node_group.this: Still creating... [10s elapsed][0m[0m
[0m[1maws_eks_node_group.this: Still creating... [20s elapsed][0m[0m
[0m[1maws_eks_node_group.this: Still creating... [30s elapsed][0m[0m
[0m[1maws_eks_node_group.this: Still creating... [40s elapsed][0m[0m
[0m[1maws_eks_node_group.this: Still creating... [50s elapsed][0m[0m
[0m[1maws_eks_node_group.this: Still creating... [1m0s elapsed][0m[0m
[0m[1maws_eks_node_group.this: Still creating... [1m9s elapsed][0m[0m
[0m[1maws_eks_node_group.this: Still creating... [1m19s elapsed][0m[0m
[0m[1maws_eks_node_group.this: Still creating... [1m29s elapsed][0m[0m
[0m[1maws_eks_node_group.this: Still creating... [1m39s elapsed][0m[0m
[0m[1maws_eks_node_group.this: Still creating... [1m49s elapsed][0m[0m
[0m[1maws_eks_node_group.this: Still creating... [1m59s elapsed][0m[0m
[0m[1maws_eks_node_group.this: Still creating... [2m9s elapsed][0m[0m
[0m[1maws_eks_node_group.this: Still creating... [2m18s elapsed][0m[0m
[0m[1maws_eks_node_group.this: Still creating... [2m28s elapsed][0m[0m
[0m[1maws_eks_node_group.this: Creation complete after 2m28s [id=eks-5asrcb:eks-5asrcb-ng][0m
[0m[1maws_eks_addon.coredns: Creating...[0m[0m
[0m[1maws_eks_addon.kube_proxy: Creating...[0m[0m
[0m[1maws_eks_addon.vpc_cni: Creating...[0m[0m
[0m[1maws_eks_addon.kube_proxy: Creation complete after 9s [id=eks-5asrcb:kube-proxy][0m
[0m[1maws_eks_addon.vpc_cni: Still creating... [11s elapsed][0m[0m
[0m[1maws_eks_addon.coredns: Still creating... [11s elapsed][0m[0m
[0m[1maws_eks_addon.coredns: Creation complete after 15s [id=eks-5asrcb:coredns][0m
[0m[1maws_eks_addon.vpc_cni: Still creating... [20s elapsed][0m[0m
[0m[1maws_eks_addon.vpc_cni: Still creating... [30s elapsed][0m[0m
[0m[1maws_eks_addon.vpc_cni: Creation complete after 36s [id=eks-5asrcb:vpc-cni][0m
[0m[1m[32m
Apply complete! Resources: 38 added, 0 changed, 0 destroyed.
[0m[0m[1m[32m
Outputs:

[0malb_dns_name = "5asrcb-alb-755324304.us-east-1.elb.amazonaws.com"
ec2_public_ip = "44.213.107.84"
eks_cluster_certificate_authority = <sensitive>
eks_cluster_endpoint = "https://22950F959C16DBE9E98F42C65FD47F0C.gr7.us-east-1.eks.amazonaws.com"
eks_cluster_name = "eks-5asrcb"
eks_cluster_version = "1.31"
kubeconfig_command = "aws eks update-kubeconfig --region us-east-1 --name eks-5asrcb"
private_subnet_ids = [
  "subnet-0e3efb8d23ecf0e08",
  "subnet-0910c49e2277ad1d9",
  "subnet-0707fc79ae7ce9963",
]
public_subnet_ids = [
  "subnet-03d5c90367220dae3",
  "subnet-02932c4391abc4b6a",
  "subnet-042210c6bdd829c41",
]
vpc_id = "vpc-0b97c641275d5818f"
